# JRE version: OpenJDK Runtime Environment (8.0_152-b01) (build 1.8.0_152-release-1024-b01)
# Java VM: OpenJDK 64-Bit Server VM (25.152-b01 mixed mode linux-amd64 compressed oops)
Heap:
 PSYoungGen      total 478720K, used 292919K [0x00000000e0000000, 0x0000000100000000, 0x0000000100000000)
  eden space 451584K, 58% used [0x00000000e0000000,0x00000000f03d8528,0x00000000fb900000)
  from space 27136K, 98% used [0x00000000fb900000,0x00000000fd3359a0,0x00000000fd380000)
  to   space 37888K, 0% used [0x00000000fdb00000,0x00000000fdb00000,0x0000000100000000)
 ParOldGen       total 154624K, used 54294K [0x00000000a0000000, 0x00000000a9700000, 0x00000000e0000000)
  object space 154624K, 35% used [0x00000000a0000000,0x00000000a3505ab8,0x00000000a9700000)
 Metaspace       used 84157K, capacity 88324K, committed 88536K, reserved 1126400K
  class space    used 10872K, capacity 11751K, committed 11776K, reserved 1048576K
GC Heap History (10 events):
Event: 20.197 GC heap before
{Heap before GC invocations=14 (full 3):
 PSYoungGen      total 316928K, used 316480K [0x00000000e0000000, 0x00000000f5b80000, 0x0000000100000000)
  eden space 289280K, 99% used [0x00000000e0000000,0x00000000f1a108b8,0x00000000f1a80000)
  from space 27648K, 99% used [0x00000000f4080000,0x00000000f5b7fa48,0x00000000f5b80000)
  to   space 31744K, 0% used [0x00000000f1d80000,0x00000000f1d80000,0x00000000f3c80000)
 ParOldGen       total 154624K, used 37041K [0x00000000a0000000, 0x00000000a9700000, 0x00000000e0000000)
  object space 154624K, 23% used [0x00000000a0000000,0x00000000a242c628,0x00000000a9700000)
 Metaspace       used 66715K, capacity 68780K, committed 68952K, reserved 1110016K
  class space    used 8758K, capacity 9235K, committed 9344K, reserved 1048576K
Event: 20.225 GC heap after
Heap after GC invocations=14 (full 3):
 PSYoungGen      total 324096K, used 24042K [0x00000000e0000000, 0x00000000f8c80000, 0x0000000100000000)
  eden space 292352K, 0% used [0x00000000e0000000,0x00000000e0000000,0x00000000f1d80000)
  from space 31744K, 75% used [0x00000000f1d80000,0x00000000f34fa820,0x00000000f3c80000)
  to   space 33792K, 0% used [0x00000000f6b80000,0x00000000f6b80000,0x00000000f8c80000)
 ParOldGen       total 154624K, used 37049K [0x00000000a0000000, 0x00000000a9700000, 0x00000000e0000000)
  object space 154624K, 23% used [0x00000000a0000000,0x00000000a242e628,0x00000000a9700000)
 Metaspace       used 66715K, capacity 68780K, committed 68952K, reserved 1110016K
  class space    used 8758K, capacity 9235K, committed 9344K, reserved 1048576K
}
Event: 20.273 GC heap before
{Heap before GC invocations=15 (full 3):
 PSYoungGen      total 324096K, used 315971K [0x00000000e0000000, 0x00000000f8c80000, 0x0000000100000000)
  eden space 292352K, 99% used [0x00000000e0000000,0x00000000f1d165d0,0x00000000f1d80000)
  from space 31744K, 75% used [0x00000000f1d80000,0x00000000f34fa820,0x00000000f3c80000)
  to   space 33792K, 0% used [0x00000000f6b80000,0x00000000f6b80000,0x00000000f8c80000)
 ParOldGen       total 154624K, used 37049K [0x00000000a0000000, 0x00000000a9700000, 0x00000000e0000000)
  object space 154624K, 23% used [0x00000000a0000000,0x00000000a242e628,0x00000000a9700000)
 Metaspace       used 66720K, capacity 68780K, committed 68952K, reserved 1110016K
  class space    used 8758K, capacity 9235K, committed 9344K, reserved 1048576K
Event: 20.292 GC heap after
Heap after GC invocations=15 (full 3):
 PSYoungGen      total 372736K, used 19066K [0x00000000e0000000, 0x00000000fd780000, 0x0000000100000000)
  eden space 338944K, 0% used [0x00000000e0000000,0x00000000e0000000,0x00000000f4b00000)
  from space 33792K, 56% used [0x00000000f6b80000,0x00000000f7e1e978,0x00000000f8c80000)
  to   space 33280K, 0% used [0x00000000f4b00000,0x00000000f4b00000,0x00000000f6b80000)
 ParOldGen       total 154624K, used 37057K [0x00000000a0000000, 0x00000000a9700000, 0x00000000e0000000)
  object space 154624K, 23% used [0x00000000a0000000,0x00000000a2430628,0x00000000a9700000)
 Metaspace       used 66720K, capacity 68780K, committed 68952K, reserved 1110016K
  class space    used 8758K, capacity 9235K, committed 9344K, reserved 1048576K
}
Event: 26.154 GC heap before
{Heap before GC invocations=16 (full 3):
 PSYoungGen      total 372736K, used 358010K [0x00000000e0000000, 0x00000000fd780000, 0x0000000100000000)
  eden space 338944K, 100% used [0x00000000e0000000,0x00000000f4b00000,0x00000000f4b00000)
  from space 33792K, 56% used [0x00000000f6b80000,0x00000000f7e1e978,0x00000000f8c80000)
  to   space 33280K, 0% used [0x00000000f4b00000,0x00000000f4b00000,0x00000000f6b80000)
 ParOldGen       total 154624K, used 37057K [0x00000000a0000000, 0x00000000a9700000, 0x00000000e0000000)
  object space 154624K, 23% used [0x00000000a0000000,0x00000000a2430628,0x00000000a9700000)
 Metaspace       used 70352K, capacity 72768K, committed 72920K, reserved 1112064K
  class space    used 9088K, capacity 9659K, committed 9728K, reserved 1048576K
Event: 26.197 GC heap after
Heap after GC invocations=16 (full 3):
 PSYoungGen      total 372224K, used 26281K [0x00000000e0000000, 0x0000000100000000, 0x0000000100000000)
  eden space 338944K, 0% used [0x00000000e0000000,0x00000000e0000000,0x00000000f4b00000)
  from space 33280K, 78% used [0x00000000f4b00000,0x00000000f64aa4a8,0x00000000f6b80000)
  to   space 35328K, 0% used [0x00000000fdd80000,0x00000000fdd80000,0x0000000100000000)
 ParOldGen       total 154624K, used 37065K [0x00000000a0000000, 0x00000000a9700000, 0x00000000e0000000)
  object space 154624K, 23% used [0x00000000a0000000,0x00000000a2432628,0x00000000a9700000)
 Metaspace       used 70352K, capacity 72768K, committed 72920K, reserved 1112064K
  class space    used 9088K, capacity 9659K, committed 9728K, reserved 1048576K
}
Event: 666.097 GC heap before
{Heap before GC invocations=17 (full 3):
 PSYoungGen      total 372224K, used 365225K [0x00000000e0000000, 0x0000000100000000, 0x0000000100000000)
  eden space 338944K, 100% used [0x00000000e0000000,0x00000000f4b00000,0x00000000f4b00000)
  from space 33280K, 78% used [0x00000000f4b00000,0x00000000f64aa4a8,0x00000000f6b80000)
  to   space 35328K, 0% used [0x00000000fdd80000,0x00000000fdd80000,0x0000000100000000)
 ParOldGen       total 154624K, used 37065K [0x00000000a0000000, 0x00000000a9700000, 0x00000000e0000000)
  object space 154624K, 23% used [0x00000000a0000000,0x00000000a2432628,0x00000000a9700000)
 Metaspace       used 75164K, capacity 78148K, committed 78296K, reserved 1118208K
  class space    used 9767K, capacity 10469K, committed 10496K, reserved 1048576K
Event: 666.230 GC heap after
Heap after GC invocations=17 (full 3):
 PSYoungGen      total 486912K, used 24234K [0x00000000e0000000, 0x0000000100000000, 0x0000000100000000)
  eden space 451584K, 0% used [0x00000000e0000000,0x00000000e0000000,0x00000000fb900000)
  from space 35328K, 68% used [0x00000000fdd80000,0x00000000ff52a908,0x0000000100000000)
  to   space 36352K, 0% used [0x00000000fb900000,0x00000000fb900000,0x00000000fdc80000)
 ParOldGen       total 154624K, used 52963K [0x00000000a0000000, 0x00000000a9700000, 0x00000000e0000000)
  object space 154624K, 34% used [0x00000000a0000000,0x00000000a33b8dd8,0x00000000a9700000)
 Metaspace       used 75164K, capacity 78148K, committed 78296K, reserved 1118208K
  class space    used 9767K, capacity 10469K, committed 10496K, reserved 1048576K
}
Event: 745.393 GC heap before
{Heap before GC invocations=18 (full 3):
 PSYoungGen      total 486912K, used 475818K [0x00000000e0000000, 0x0000000100000000, 0x0000000100000000)
  eden space 451584K, 100% used [0x00000000e0000000,0x00000000fb900000,0x00000000fb900000)
  from space 35328K, 68% used [0x00000000fdd80000,0x00000000ff52a908,0x0000000100000000)
  to   space 36352K, 0% used [0x00000000fb900000,0x00000000fb900000,0x00000000fdc80000)
 ParOldGen       total 154624K, used 52963K [0x00000000a0000000, 0x00000000a9700000, 0x00000000e0000000)
  object space 154624K, 34% used [0x00000000a0000000,0x00000000a33b8dd8,0x00000000a9700000)
 Metaspace       used 76085K, capacity 79518K, committed 79704K, reserved 1118208K
  class space    used 9842K, capacity 10574K, committed 10624K, reserved 1048576K
Event: 745.448 GC heap after
Heap after GC invocations=18 (full 3):
 PSYoungGen      total 478720K, used 26838K [0x00000000e0000000, 0x0000000100000000, 0x0000000100000000)
  eden space 451584K, 0% used [0x00000000e0000000,0x00000000e0000000,0x00000000fb900000)
  from space 27136K, 98% used [0x00000000fb900000,0x00000000fd3359a0,0x00000000fd380000)
  to   space 37888K, 0% used [0x00000000fdb00000,0x00000000fdb00000,0x0000000100000000)
 ParOldGen       total 154624K, used 54294K [0x00000000a0000000, 0x00000000a9700000, 0x00000000e0000000)
  object space 154624K, 35% used [0x00000000a0000000,0x00000000a3505ab8,0x00000000a9700000)
 Metaspace       used 76085K, capacity 79518K, committed 79704K, reserved 1118208K
  class space    used 9842K, capacity 10574K, committed 10624K, reserved 1048576K
}

