# JRE version: OpenJDK Runtime Environment (8.0_152-b01) (build 1.8.0_152-release-1024-b01)
# Java VM: OpenJDK 64-Bit Server VM (25.152-b01 mixed mode linux-amd64 compressed oops)
Heap:
 PSYoungGen      total 421888K, used 238749K [0x00000000e0000000, 0x0000000100000000, 0x0000000100000000)
  eden space 332800K, 51% used [0x00000000e0000000,0x00000000ea70acd8,0x00000000f4500000)
  from space 89088K, 75% used [0x00000000fa900000,0x00000000feb1c990,0x0000000100000000)
  to   space 95744K, 0% used [0x00000000f4500000,0x00000000f4500000,0x00000000fa280000)
 ParOldGen       total 166400K, used 109929K [0x00000000a0000000, 0x00000000aa280000, 0x00000000e0000000)
  object space 166400K, 66% used [0x00000000a0000000,0x00000000a6b5a638,0x00000000aa280000)
 Metaspace       used 87932K, capacity 92626K, committed 92760K, reserved 1130496K
  class space    used 11195K, capacity 12150K, committed 12160K, reserved 1048576K
GC Heap History (10 events):
Event: 848.874 GC heap before
{Heap before GC invocations=31 (full 3):
 PSYoungGen      total 443904K, used 443616K [0x00000000e0000000, 0x0000000100000000, 0x0000000100000000)
  eden space 407552K, 99% used [0x00000000e0000000,0x00000000f8dfe7b0,0x00000000f8e00000)
  from space 36352K, 99% used [0x00000000f8e00000,0x00000000fb139b08,0x00000000fb180000)
  to   space 59904K, 0% used [0x00000000fc580000,0x00000000fc580000,0x0000000100000000)
 ParOldGen       total 166400K, used 109817K [0x00000000a0000000, 0x00000000aa280000, 0x00000000e0000000)
  object space 166400K, 65% used [0x00000000a0000000,0x00000000a6b3e638,0x00000000aa280000)
 Metaspace       used 73890K, capacity 76934K, committed 77144K, reserved 1116160K
  class space    used 9602K, capacity 10248K, committed 10368K, reserved 1048576K
Event: 848.997 GC heap after
Heap after GC invocations=31 (full 3):
 PSYoungGen      total 455168K, used 46119K [0x00000000e0000000, 0x0000000100000000, 0x0000000100000000)
  eden space 395264K, 0% used [0x00000000e0000000,0x00000000e0000000,0x00000000f8200000)
  from space 59904K, 76% used [0x00000000fc580000,0x00000000ff289e88,0x0000000100000000)
  to   space 64512K, 0% used [0x00000000f8200000,0x00000000f8200000,0x00000000fc100000)
 ParOldGen       total 166400K, used 109849K [0x00000000a0000000, 0x00000000aa280000, 0x00000000e0000000)
  object space 166400K, 66% used [0x00000000a0000000,0x00000000a6b46638,0x00000000aa280000)
 Metaspace       used 73890K, capacity 76934K, committed 77144K, reserved 1116160K
  class space    used 9602K, capacity 10248K, committed 10368K, reserved 1048576K
}
Event: 855.417 GC heap before
{Heap before GC invocations=32 (full 3):
 PSYoungGen      total 455168K, used 441383K [0x00000000e0000000, 0x0000000100000000, 0x0000000100000000)
  eden space 395264K, 100% used [0x00000000e0000000,0x00000000f8200000,0x00000000f8200000)
  from space 59904K, 76% used [0x00000000fc580000,0x00000000ff289e88,0x0000000100000000)
  to   space 64512K, 0% used [0x00000000f8200000,0x00000000f8200000,0x00000000fc100000)
 ParOldGen       total 166400K, used 109849K [0x00000000a0000000, 0x00000000aa280000, 0x00000000e0000000)
  object space 166400K, 66% used [0x00000000a0000000,0x00000000a6b46638,0x00000000aa280000)
 Metaspace       used 80560K, capacity 83790K, committed 84056K, reserved 1122304K
  class space    used 10376K, capacity 11020K, committed 11136K, reserved 1048576K
Event: 855.535 GC heap after
Heap after GC invocations=32 (full 3):
 PSYoungGen      total 452608K, used 57308K [0x00000000e0000000, 0x0000000100000000, 0x0000000100000000)
  eden space 395264K, 0% used [0x00000000e0000000,0x00000000e0000000,0x00000000f8200000)
  from space 57344K, 99% used [0x00000000f8200000,0x00000000fb9f70e8,0x00000000fba00000)
  to   space 71680K, 0% used [0x00000000fba00000,0x00000000fba00000,0x0000000100000000)
 ParOldGen       total 166400K, used 109857K [0x00000000a0000000, 0x00000000aa280000, 0x00000000e0000000)
  object space 166400K, 66% used [0x00000000a0000000,0x00000000a6b48638,0x00000000aa280000)
 Metaspace       used 80560K, capacity 83790K, committed 84056K, reserved 1122304K
  class space    used 10376K, capacity 11020K, committed 11136K, reserved 1048576K
}
Event: 1320.864 GC heap before
{Heap before GC invocations=33 (full 3):
 PSYoungGen      total 452608K, used 452572K [0x00000000e0000000, 0x0000000100000000, 0x0000000100000000)
  eden space 395264K, 100% used [0x00000000e0000000,0x00000000f8200000,0x00000000f8200000)
  from space 57344K, 99% used [0x00000000f8200000,0x00000000fb9f70e8,0x00000000fba00000)
  to   space 71680K, 0% used [0x00000000fba00000,0x00000000fba00000,0x0000000100000000)
 ParOldGen       total 166400K, used 109857K [0x00000000a0000000, 0x00000000aa280000, 0x00000000e0000000)
  object space 166400K, 66% used [0x00000000a0000000,0x00000000a6b48638,0x00000000aa280000)
 Metaspace       used 84468K, capacity 88310K, committed 88408K, reserved 1126400K
  class space    used 10844K, capacity 11629K, committed 11648K, reserved 1048576K
Event: 1320.999 GC heap after
Heap after GC invocations=33 (full 3):
 PSYoungGen      total 432128K, used 66420K [0x00000000e0000000, 0x0000000100000000, 0x0000000100000000)
  eden space 360448K, 0% used [0x00000000e0000000,0x00000000e0000000,0x00000000f6000000)
  from space 71680K, 92% used [0x00000000fba00000,0x00000000ffadd3b8,0x0000000100000000)
  to   space 81920K, 0% used [0x00000000f6000000,0x00000000f6000000,0x00000000fb000000)
 ParOldGen       total 166400K, used 109865K [0x00000000a0000000, 0x00000000aa280000, 0x00000000e0000000)
  object space 166400K, 66% used [0x00000000a0000000,0x00000000a6b4a638,0x00000000aa280000)
 Metaspace       used 84468K, capacity 88310K, committed 88408K, reserved 1126400K
  class space    used 10844K, capacity 11629K, committed 11648K, reserved 1048576K
}
Event: 1353.256 GC heap before
{Heap before GC invocations=34 (full 3):
 PSYoungGen      total 432128K, used 426868K [0x00000000e0000000, 0x0000000100000000, 0x0000000100000000)
  eden space 360448K, 100% used [0x00000000e0000000,0x00000000f6000000,0x00000000f6000000)
  from space 71680K, 92% used [0x00000000fba00000,0x00000000ffadd3b8,0x0000000100000000)
  to   space 81920K, 0% used [0x00000000f6000000,0x00000000f6000000,0x00000000fb000000)
 ParOldGen       total 166400K, used 109865K [0x00000000a0000000, 0x00000000aa280000, 0x00000000e0000000)
  object space 166400K, 66% used [0x00000000a0000000,0x00000000a6b4a638,0x00000000aa280000)
 Metaspace       used 86896K, capacity 91204K, committed 91352K, reserved 1128448K
  class space    used 11125K, capacity 12021K, committed 12032K, reserved 1048576K
Event: 1353.416 GC heap after
Heap after GC invocations=34 (full 3):
 PSYoungGen      total 425472K, used 64808K [0x00000000e0000000, 0x0000000100000000, 0x0000000100000000)
  eden space 360448K, 0% used [0x00000000e0000000,0x00000000e0000000,0x00000000f6000000)
  from space 65024K, 99% used [0x00000000f6000000,0x00000000f9f4a0a0,0x00000000f9f80000)
  to   space 89088K, 0% used [0x00000000fa900000,0x00000000fa900000,0x0000000100000000)
 ParOldGen       total 166400K, used 109913K [0x00000000a0000000, 0x00000000aa280000, 0x00000000e0000000)
  object space 166400K, 66% used [0x00000000a0000000,0x00000000a6b56638,0x00000000aa280000)
 Metaspace       used 86896K, capacity 91204K, committed 91352K, reserved 1128448K
  class space    used 11125K, capacity 12021K, committed 12032K, reserved 1048576K
}
Event: 1749.382 GC heap before
{Heap before GC invocations=35 (full 3):
 PSYoungGen      total 425472K, used 425256K [0x00000000e0000000, 0x0000000100000000, 0x0000000100000000)
  eden space 360448K, 100% used [0x00000000e0000000,0x00000000f6000000,0x00000000f6000000)
  from space 65024K, 99% used [0x00000000f6000000,0x00000000f9f4a0a0,0x00000000f9f80000)
  to   space 89088K, 0% used [0x00000000fa900000,0x00000000fa900000,0x0000000100000000)
 ParOldGen       total 166400K, used 109913K [0x00000000a0000000, 0x00000000aa280000, 0x00000000e0000000)
  object space 166400K, 66% used [0x00000000a0000000,0x00000000a6b56638,0x00000000aa280000)
 Metaspace       used 87634K, capacity 92186K, committed 92248K, reserved 1130496K
  class space    used 11173K, capacity 12110K, committed 12160K, reserved 1048576K
Event: 1749.529 GC heap after
Heap after GC invocations=35 (full 3):
 PSYoungGen      total 421888K, used 67698K [0x00000000e0000000, 0x0000000100000000, 0x0000000100000000)
  eden space 332800K, 0% used [0x00000000e0000000,0x00000000e0000000,0x00000000f4500000)
  from space 89088K, 75% used [0x00000000fa900000,0x00000000feb1c990,0x0000000100000000)
  to   space 95744K, 0% used [0x00000000f4500000,0x00000000f4500000,0x00000000fa280000)
 ParOldGen       total 166400K, used 109929K [0x00000000a0000000, 0x00000000aa280000, 0x00000000e0000000)
  object space 166400K, 66% used [0x00000000a0000000,0x00000000a6b5a638,0x00000000aa280000)
 Metaspace       used 87634K, capacity 92186K, committed 92248K, reserved 1130496K
  class space    used 11173K, capacity 12110K, committed 12160K, reserved 1048576K
}

