# JRE version: OpenJDK Runtime Environment (8.0_152-b01) (build 1.8.0_152-release-1024-b01)
# Java VM: OpenJDK 64-Bit Server VM (25.152-b01 mixed mode linux-amd64 compressed oops)
Heap:
 PSYoungGen      total 324608K, used 251260K [0x00000000e0000000, 0x00000000fae80000, 0x0000000100000000)
  eden space 282624K, 87% used [0x00000000e0000000,0x00000000ef23c158,0x00000000f1400000)
  from space 41984K, 7% used [0x00000000f1400000,0x00000000f1722ee8,0x00000000f3d00000)
  to   space 42496K, 0% used [0x00000000f8500000,0x00000000f8500000,0x00000000fae80000)
 ParOldGen       total 152576K, used 94919K [0x00000000a0000000, 0x00000000a9500000, 0x00000000e0000000)
  object space 152576K, 62% used [0x00000000a0000000,0x00000000a5cb1d00,0x00000000a9500000)
 Metaspace       used 87788K, capacity 92440K, committed 92760K, reserved 1130496K
  class space    used 11316K, capacity 12270K, committed 12376K, reserved 1048576K
GC Heap History (10 events):
Event: 1007.093 GC heap before
{Heap before GC invocations=28 (full 3):
 PSYoungGen      total 217600K, used 210962K [0x00000000e0000000, 0x00000000f2a80000, 0x0000000100000000)
  eden space 178176K, 99% used [0x00000000e0000000,0x00000000ead8a950,0x00000000eae00000)
  from space 39424K, 84% used [0x00000000ed800000,0x00000000ef87a250,0x00000000efe80000)
  to   space 43008K, 0% used [0x00000000eae00000,0x00000000eae00000,0x00000000ed800000)
 ParOldGen       total 152576K, used 54310K [0x00000000a0000000, 0x00000000a9500000, 0x00000000e0000000)
  object space 152576K, 35% used [0x00000000a0000000,0x00000000a35099f8,0x00000000a9500000)
 Metaspace       used 75784K, capacity 79088K, committed 79192K, reserved 1118208K
  class space    used 9790K, capacity 10559K, committed 10584K, reserved 1048576K
Event: 1007.128 GC heap after
Heap after GC invocations=28 (full 3):
 PSYoungGen      total 221184K, used 28094K [0x00000000e0000000, 0x00000000f3580000, 0x0000000100000000)
  eden space 178176K, 0% used [0x00000000e0000000,0x00000000e0000000,0x00000000eae00000)
  from space 43008K, 65% used [0x00000000eae00000,0x00000000ec96f8a0,0x00000000ed800000)
  to   space 44544K, 0% used [0x00000000f0a00000,0x00000000f0a00000,0x00000000f3580000)
 ParOldGen       total 152576K, used 58584K [0x00000000a0000000, 0x00000000a9500000, 0x00000000e0000000)
  object space 152576K, 38% used [0x00000000a0000000,0x00000000a39363a0,0x00000000a9500000)
 Metaspace       used 75784K, capacity 79088K, committed 79192K, reserved 1118208K
  class space    used 9790K, capacity 10559K, committed 10584K, reserved 1048576K
}
Event: 1011.443 GC heap before
{Heap before GC invocations=29 (full 3):
 PSYoungGen      total 221184K, used 206270K [0x00000000e0000000, 0x00000000f3580000, 0x0000000100000000)
  eden space 178176K, 100% used [0x00000000e0000000,0x00000000eae00000,0x00000000eae00000)
  from space 43008K, 65% used [0x00000000eae00000,0x00000000ec96f8a0,0x00000000ed800000)
  to   space 44544K, 0% used [0x00000000f0a00000,0x00000000f0a00000,0x00000000f3580000)
 ParOldGen       total 152576K, used 58584K [0x00000000a0000000, 0x00000000a9500000, 0x00000000e0000000)
  object space 152576K, 38% used [0x00000000a0000000,0x00000000a39363a0,0x00000000a9500000)
 Metaspace       used 76687K, capacity 80080K, committed 80344K, reserved 1118208K
  class space    used 9914K, capacity 10671K, committed 10712K, reserved 1048576K
Event: 1011.486 GC heap after
Heap after GC invocations=29 (full 3):
 PSYoungGen      total 270336K, used 28435K [0x00000000e0000000, 0x00000000f3500000, 0x0000000100000000)
  eden space 226304K, 0% used [0x00000000e0000000,0x00000000e0000000,0x00000000edd00000)
  from space 44032K, 64% used [0x00000000f0a00000,0x00000000f25c4c98,0x00000000f3500000)
  to   space 45056K, 0% used [0x00000000edd00000,0x00000000edd00000,0x00000000f0900000)
 ParOldGen       total 152576K, used 63427K [0x00000000a0000000, 0x00000000a9500000, 0x00000000e0000000)
  object space 152576K, 41% used [0x00000000a0000000,0x00000000a3df0f10,0x00000000a9500000)
 Metaspace       used 76687K, capacity 80080K, committed 80344K, reserved 1118208K
  class space    used 9914K, capacity 10671K, committed 10712K, reserved 1048576K
}
Event: 1024.943 GC heap before
{Heap before GC invocations=30 (full 3):
 PSYoungGen      total 270336K, used 254739K [0x00000000e0000000, 0x00000000f3500000, 0x0000000100000000)
  eden space 226304K, 100% used [0x00000000e0000000,0x00000000edd00000,0x00000000edd00000)
  from space 44032K, 64% used [0x00000000f0a00000,0x00000000f25c4c98,0x00000000f3500000)
  to   space 45056K, 0% used [0x00000000edd00000,0x00000000edd00000,0x00000000f0900000)
 ParOldGen       total 152576K, used 63427K [0x00000000a0000000, 0x00000000a9500000, 0x00000000e0000000)
  object space 152576K, 41% used [0x00000000a0000000,0x00000000a3df0f10,0x00000000a9500000)
 Metaspace       used 85663K, capacity 90030K, committed 90072K, reserved 1128448K
  class space    used 11070K, capacity 11981K, committed 11992K, reserved 1048576K
Event: 1024.994 GC heap after
Heap after GC invocations=30 (full 3):
 PSYoungGen      total 271360K, used 17075K [0x00000000e0000000, 0x00000000f6b80000, 0x0000000100000000)
  eden space 226304K, 0% used [0x00000000e0000000,0x00000000e0000000,0x00000000edd00000)
  from space 45056K, 37% used [0x00000000edd00000,0x00000000eedacea0,0x00000000f0900000)
  to   space 43520K, 0% used [0x00000000f4100000,0x00000000f4100000,0x00000000f6b80000)
 ParOldGen       total 152576K, used 86505K [0x00000000a0000000, 0x00000000a9500000, 0x00000000e0000000)
  object space 152576K, 56% used [0x00000000a0000000,0x00000000a547a530,0x00000000a9500000)
 Metaspace       used 85663K, capacity 90030K, committed 90072K, reserved 1128448K
  class space    used 11070K, capacity 11981K, committed 11992K, reserved 1048576K
}
Event: 1031.825 GC heap before
{Heap before GC invocations=31 (full 3):
 PSYoungGen      total 271360K, used 242839K [0x00000000e0000000, 0x00000000f6b80000, 0x0000000100000000)
  eden space 226304K, 99% used [0x00000000e0000000,0x00000000edc78dc0,0x00000000edd00000)
  from space 45056K, 37% used [0x00000000edd00000,0x00000000eedacea0,0x00000000f0900000)
  to   space 43520K, 0% used [0x00000000f4100000,0x00000000f4100000,0x00000000f6b80000)
 ParOldGen       total 152576K, used 86505K [0x00000000a0000000, 0x00000000a9500000, 0x00000000e0000000)
  object space 152576K, 56% used [0x00000000a0000000,0x00000000a547a530,0x00000000a9500000)
 Metaspace       used 86842K, capacity 91342K, committed 91480K, reserved 1128448K
  class space    used 11191K, capacity 12115K, committed 12120K, reserved 1048576K
Event: 1031.847 GC heap after
Heap after GC invocations=31 (full 3):
 PSYoungGen      total 320512K, used 14571K [0x00000000e0000000, 0x00000000f6600000, 0x0000000100000000)
  eden space 282624K, 0% used [0x00000000e0000000,0x00000000e0000000,0x00000000f1400000)
  from space 37888K, 38% used [0x00000000f4100000,0x00000000f4f3ad00,0x00000000f6600000)
  to   space 41984K, 0% used [0x00000000f1400000,0x00000000f1400000,0x00000000f3d00000)
 ParOldGen       total 152576K, used 86537K [0x00000000a0000000, 0x00000000a9500000, 0x00000000e0000000)
  object space 152576K, 56% used [0x00000000a0000000,0x00000000a5482530,0x00000000a9500000)
 Metaspace       used 86842K, capacity 91342K, committed 91480K, reserved 1128448K
  class space    used 11191K, capacity 12115K, committed 12120K, reserved 1048576K
}
Event: 1031.907 GC heap before
{Heap before GC invocations=32 (full 3):
 PSYoungGen      total 320512K, used 297045K [0x00000000e0000000, 0x00000000f6600000, 0x0000000100000000)
  eden space 282624K, 99% used [0x00000000e0000000,0x00000000f13da968,0x00000000f1400000)
  from space 37888K, 38% used [0x00000000f4100000,0x00000000f4f3ad00,0x00000000f6600000)
  to   space 41984K, 0% used [0x00000000f1400000,0x00000000f1400000,0x00000000f3d00000)
 ParOldGen       total 152576K, used 86537K [0x00000000a0000000, 0x00000000a9500000, 0x00000000e0000000)
  object space 152576K, 56% used [0x00000000a0000000,0x00000000a5482530,0x00000000a9500000)
 Metaspace       used 86844K, capacity 91342K, committed 91480K, reserved 1128448K
  class space    used 11191K, capacity 12115K, committed 12120K, reserved 1048576K
Event: 1031.929 GC heap after
Heap after GC invocations=32 (full 3):
 PSYoungGen      total 324608K, used 3211K [0x00000000e0000000, 0x00000000fae80000, 0x0000000100000000)
  eden space 282624K, 0% used [0x00000000e0000000,0x00000000e0000000,0x00000000f1400000)
  from space 41984K, 7% used [0x00000000f1400000,0x00000000f1722ee8,0x00000000f3d00000)
  to   space 42496K, 0% used [0x00000000f8500000,0x00000000f8500000,0x00000000fae80000)
 ParOldGen       total 152576K, used 94919K [0x00000000a0000000, 0x00000000a9500000, 0x00000000e0000000)
  object space 152576K, 62% used [0x00000000a0000000,0x00000000a5cb1d00,0x00000000a9500000)
 Metaspace       used 86844K, capacity 91342K, committed 91480K, reserved 1128448K
  class space    used 11191K, capacity 12115K, committed 12120K, reserved 1048576K
}

