# JRE version: OpenJDK Runtime Environment (8.0_152-b01) (build 1.8.0_152-release-1024-b01)
# Java VM: OpenJDK 64-Bit Server VM (25.152-b01 mixed mode linux-amd64 compressed oops)
Heap:
 PSYoungGen      total 197120K, used 31066K [0x00000000e0000000, 0x00000000f0000000, 0x0000000100000000)
  eden space 168448K, 9% used [0x00000000e0000000,0x00000000e0fe7ca8,0x00000000ea480000)
  from space 28672K, 51% used [0x00000000ebf80000,0x00000000ecdeee10,0x00000000edb80000)
  to   space 27648K, 0% used [0x00000000ea480000,0x00000000ea480000,0x00000000ebf80000)
 ParOldGen       total 115200K, used 80959K [0x00000000a0000000, 0x00000000a7080000, 0x00000000e0000000)
  object space 115200K, 70% used [0x00000000a0000000,0x00000000a4f0fef0,0x00000000a7080000)
 Metaspace       used 79002K, capacity 82194K, committed 82392K, reserved 1120256K
  class space    used 10260K, capacity 10920K, committed 11008K, reserved 1048576K
GC Heap History (10 events):
Event: 78.129 GC heap before
{Heap before GC invocations=17 (full 3):
 PSYoungGen      total 145408K, used 124775K [0x00000000e0000000, 0x00000000eba80000, 0x0000000100000000)
  eden space 117248K, 100% used [0x00000000e0000000,0x00000000e7280000,0x00000000e7280000)
  from space 28160K, 26% used [0x00000000e7280000,0x00000000e79d9fc0,0x00000000e8e00000)
  to   space 27648K, 0% used [0x00000000e9f80000,0x00000000e9f80000,0x00000000eba80000)
 ParOldGen       total 115200K, used 66112K [0x00000000a0000000, 0x00000000a7080000, 0x00000000e0000000)
  object space 115200K, 57% used [0x00000000a0000000,0x00000000a40900b8,0x00000000a7080000)
 Metaspace       used 62950K, capacity 64776K, committed 64856K, reserved 1105920K
  class space    used 8334K, capacity 8783K, committed 8832K, reserved 1048576K
Event: 78.139 GC heap after
Heap after GC invocations=17 (full 3):
 PSYoungGen      total 164864K, used 9728K [0x00000000e0000000, 0x00000000eca80000, 0x0000000100000000)
  eden space 137216K, 0% used [0x00000000e0000000,0x00000000e0000000,0x00000000e8600000)
  from space 27648K, 35% used [0x00000000e9f80000,0x00000000ea900050,0x00000000eba80000)
  to   space 26112K, 0% used [0x00000000e8600000,0x00000000e8600000,0x00000000e9f80000)
 ParOldGen       total 115200K, used 66120K [0x00000000a0000000, 0x00000000a7080000, 0x00000000e0000000)
  object space 115200K, 57% used [0x00000000a0000000,0x00000000a40920b8,0x00000000a7080000)
 Metaspace       used 62950K, capacity 64776K, committed 64856K, reserved 1105920K
  class space    used 8334K, capacity 8783K, committed 8832K, reserved 1048576K
}
Event: 132.596 GC heap before
{Heap before GC invocations=18 (full 3):
 PSYoungGen      total 164864K, used 146944K [0x00000000e0000000, 0x00000000eca80000, 0x0000000100000000)
  eden space 137216K, 100% used [0x00000000e0000000,0x00000000e8600000,0x00000000e8600000)
  from space 27648K, 35% used [0x00000000e9f80000,0x00000000ea900050,0x00000000eba80000)
  to   space 26112K, 0% used [0x00000000e8600000,0x00000000e8600000,0x00000000e9f80000)
 ParOldGen       total 115200K, used 66120K [0x00000000a0000000, 0x00000000a7080000, 0x00000000e0000000)
  object space 115200K, 57% used [0x00000000a0000000,0x00000000a40920b8,0x00000000a7080000)
 Metaspace       used 72172K, capacity 74746K, committed 74968K, reserved 1114112K
  class space    used 9628K, capacity 10188K, committed 10240K, reserved 1048576K
Event: 132.618 GC heap after
Heap after GC invocations=18 (full 3):
 PSYoungGen      total 163328K, used 14956K [0x00000000e0000000, 0x00000000ede80000, 0x0000000100000000)
  eden space 137216K, 0% used [0x00000000e0000000,0x00000000e0000000,0x00000000e8600000)
  from space 26112K, 57% used [0x00000000e8600000,0x00000000e949b118,0x00000000e9f80000)
  to   space 26112K, 0% used [0x00000000ec500000,0x00000000ec500000,0x00000000ede80000)
 ParOldGen       total 115200K, used 73665K [0x00000000a0000000, 0x00000000a7080000, 0x00000000e0000000)
  object space 115200K, 63% used [0x00000000a0000000,0x00000000a47f0558,0x00000000a7080000)
 Metaspace       used 72172K, capacity 74746K, committed 74968K, reserved 1114112K
  class space    used 9628K, capacity 10188K, committed 10240K, reserved 1048576K
}
Event: 326.814 GC heap before
{Heap before GC invocations=19 (full 3):
 PSYoungGen      total 163328K, used 152172K [0x00000000e0000000, 0x00000000ede80000, 0x0000000100000000)
  eden space 137216K, 100% used [0x00000000e0000000,0x00000000e8600000,0x00000000e8600000)
  from space 26112K, 57% used [0x00000000e8600000,0x00000000e949b118,0x00000000e9f80000)
  to   space 26112K, 0% used [0x00000000ec500000,0x00000000ec500000,0x00000000ede80000)
 ParOldGen       total 115200K, used 73665K [0x00000000a0000000, 0x00000000a7080000, 0x00000000e0000000)
  object space 115200K, 63% used [0x00000000a0000000,0x00000000a47f0558,0x00000000a7080000)
 Metaspace       used 76385K, capacity 79260K, committed 79576K, reserved 1118208K
  class space    used 10077K, capacity 10689K, committed 10752K, reserved 1048576K
Event: 326.847 GC heap after
Heap after GC invocations=19 (full 3):
 PSYoungGen      total 158208K, used 25138K [0x00000000e0000000, 0x00000000ede00000, 0x0000000100000000)
  eden space 132608K, 0% used [0x00000000e0000000,0x00000000e0000000,0x00000000e8180000)
  from space 25600K, 98% used [0x00000000ec500000,0x00000000edd8c968,0x00000000ede00000)
  to   space 29696K, 0% used [0x00000000ea400000,0x00000000ea400000,0x00000000ec100000)
 ParOldGen       total 115200K, used 73673K [0x00000000a0000000, 0x00000000a7080000, 0x00000000e0000000)
  object space 115200K, 63% used [0x00000000a0000000,0x00000000a47f2558,0x00000000a7080000)
 Metaspace       used 76385K, capacity 79260K, committed 79576K, reserved 1118208K
  class space    used 10077K, capacity 10689K, committed 10752K, reserved 1048576K
}
Event: 328.570 GC heap before
{Heap before GC invocations=20 (full 3):
 PSYoungGen      total 158208K, used 157746K [0x00000000e0000000, 0x00000000ede00000, 0x0000000100000000)
  eden space 132608K, 100% used [0x00000000e0000000,0x00000000e8180000,0x00000000e8180000)
  from space 25600K, 98% used [0x00000000ec500000,0x00000000edd8c968,0x00000000ede00000)
  to   space 29696K, 0% used [0x00000000ea400000,0x00000000ea400000,0x00000000ec100000)
 ParOldGen       total 115200K, used 73673K [0x00000000a0000000, 0x00000000a7080000, 0x00000000e0000000)
  object space 115200K, 63% used [0x00000000a0000000,0x00000000a47f2558,0x00000000a7080000)
 Metaspace       used 76684K, capacity 79512K, committed 79576K, reserved 1118208K
  class space    used 10083K, capacity 10699K, committed 10752K, reserved 1048576K
Event: 328.625 GC heap after
Heap after GC invocations=20 (full 3):
 PSYoungGen      total 183808K, used 15952K [0x00000000e0000000, 0x00000000edb80000, 0x0000000100000000)
  eden space 167424K, 0% used [0x00000000e0000000,0x00000000e0000000,0x00000000ea380000)
  from space 16384K, 97% used [0x00000000ea400000,0x00000000eb394140,0x00000000eb400000)
  to   space 28672K, 0% used [0x00000000ebf80000,0x00000000ebf80000,0x00000000edb80000)
 ParOldGen       total 115200K, used 73681K [0x00000000a0000000, 0x00000000a7080000, 0x00000000e0000000)
  object space 115200K, 63% used [0x00000000a0000000,0x00000000a47f4558,0x00000000a7080000)
 Metaspace       used 76684K, capacity 79512K, committed 79576K, reserved 1118208K
  class space    used 10083K, capacity 10699K, committed 10752K, reserved 1048576K
}
Event: 631.202 GC heap before
{Heap before GC invocations=21 (full 3):
 PSYoungGen      total 183808K, used 183376K [0x00000000e0000000, 0x00000000edb80000, 0x0000000100000000)
  eden space 167424K, 100% used [0x00000000e0000000,0x00000000ea380000,0x00000000ea380000)
  from space 16384K, 97% used [0x00000000ea400000,0x00000000eb394140,0x00000000eb400000)
  to   space 28672K, 0% used [0x00000000ebf80000,0x00000000ebf80000,0x00000000edb80000)
 ParOldGen       total 115200K, used 73681K [0x00000000a0000000, 0x00000000a7080000, 0x00000000e0000000)
  object space 115200K, 63% used [0x00000000a0000000,0x00000000a47f4558,0x00000000a7080000)
 Metaspace       used 78695K, capacity 81892K, committed 82136K, reserved 1120256K
  class space    used 10228K, capacity 10885K, committed 11008K, reserved 1048576K
Event: 631.254 GC heap after
Heap after GC invocations=21 (full 3):
 PSYoungGen      total 197120K, used 14779K [0x00000000e0000000, 0x00000000f0000000, 0x0000000100000000)
  eden space 168448K, 0% used [0x00000000e0000000,0x00000000e0000000,0x00000000ea480000)
  from space 28672K, 51% used [0x00000000ebf80000,0x00000000ecdeee10,0x00000000edb80000)
  to   space 27648K, 0% used [0x00000000ea480000,0x00000000ea480000,0x00000000ebf80000)
 ParOldGen       total 115200K, used 80959K [0x00000000a0000000, 0x00000000a7080000, 0x00000000e0000000)
  object space 115200K, 70% used [0x00000000a0000000,0x00000000a4f0fef0,0x00000000a7080000)
 Metaspace       used 78695K, capacity 81892K, committed 82136K, reserved 1120256K
  class space    used 10228K, capacity 10885K, committed 11008K, reserved 1048576K
}

